2025-03-07 12:02:13 - Starting ReportingMicroservicesApplication using Java 23.0.1 with PID 8860 (D:\ExcelR\Codebase\BackEnd\Workspace\Workspace_2\reporting-microservices\target\classes started by Bharath in D:\ExcelR\Codebase\BackEnd\Workspace\Workspace_2\reporting-microservices)
2025-03-07 12:02:13 - No active profile set, falling back to 1 default profile: "default"
2025-03-07 12:02:13 - Devtools property defaults active! Set 'spring.devtools.add-properties' to 'false' to disable
2025-03-07 12:02:13 - For additional web related logging consider setting the 'logging.level.web' property to 'DEBUG'
2025-03-07 12:02:14 - Tomcat initialized with port 9092 (http)
2025-03-07 12:02:14 - Starting service [Tomcat]
2025-03-07 12:02:14 - Starting Servlet engine: [Apache Tomcat/10.1.36]
2025-03-07 12:02:14 - Initializing Spring embedded WebApplicationContext
2025-03-07 12:02:14 - Root WebApplicationContext: initialization completed in 1028 ms
2025-03-07 12:02:14 - Failed to set up a Bean Validation provider: jakarta.validation.NoProviderFoundException: Unable to create a Configuration, because no Jakarta Bean Validation provider could be found. Add a provider like Hibernate Validator (RI) to your classpath.
2025-03-07 12:02:15 - LiveReload server is running on port 35729
2025-03-07 12:02:15 - Tomcat started on port 9092 (http) with context path '/'
2025-03-07 12:02:15 - Started ReportingMicroservicesApplication in 2.265 seconds (process running for 2.671)
2025-03-07 12:03:15 - Initializing Spring DispatcherServlet 'dispatcherServlet'
2025-03-07 12:03:15 - Initializing Servlet 'dispatcherServlet'
2025-03-07 12:03:15 - Completed initialization in 2 ms
2025-03-07 12:08:08 - Restarting due to 3 class path changes (0 additions, 0 deletions, 3 modifications)
2025-03-07 12:08:08 - Commencing graceful shutdown. Waiting for active requests to complete
2025-03-07 12:08:08 - Graceful shutdown complete
2025-03-07 12:08:09 - Starting ReportingMicroservicesApplication using Java 23.0.1 with PID 8860 (D:\ExcelR\Codebase\BackEnd\Workspace\Workspace_2\reporting-microservices\target\classes started by Bharath in D:\ExcelR\Codebase\BackEnd\Workspace\Workspace_2\reporting-microservices)
2025-03-07 12:08:09 - No active profile set, falling back to 1 default profile: "default"
2025-03-07 12:08:09 - Tomcat initialized with port 9092 (http)
2025-03-07 12:08:09 - Starting service [Tomcat]
2025-03-07 12:08:09 - Starting Servlet engine: [Apache Tomcat/10.1.36]
2025-03-07 12:08:09 - Initializing Spring embedded WebApplicationContext
2025-03-07 12:08:09 - Root WebApplicationContext: initialization completed in 265 ms
2025-03-07 12:08:09 - Failed to set up a Bean Validation provider: jakarta.validation.NoProviderFoundException: Unable to create a Configuration, because no Jakarta Bean Validation provider could be found. Add a provider like Hibernate Validator (RI) to your classpath.
2025-03-07 12:08:09 - LiveReload server is running on port 35729
2025-03-07 12:08:09 - Tomcat started on port 9092 (http) with context path '/'
2025-03-07 12:08:09 - Started ReportingMicroservicesApplication in 0.516 seconds (process running for 357.012)
2025-03-07 12:08:09 - Condition evaluation unchanged
2025-03-07 12:08:10 - Restarting due to 12 class path changes (0 additions, 0 deletions, 12 modifications)
2025-03-07 12:08:10 - Commencing graceful shutdown. Waiting for active requests to complete
2025-03-07 12:08:10 - Graceful shutdown complete
2025-03-07 12:08:11 - Starting ReportingMicroservicesApplication using Java 23.0.1 with PID 8860 (D:\ExcelR\Codebase\BackEnd\Workspace\Workspace_2\reporting-microservices\target\classes started by Bharath in D:\ExcelR\Codebase\BackEnd\Workspace\Workspace_2\reporting-microservices)
2025-03-07 12:08:11 - No active profile set, falling back to 1 default profile: "default"
2025-03-07 12:08:11 - Tomcat initialized with port 9092 (http)
2025-03-07 12:08:11 - Starting service [Tomcat]
2025-03-07 12:08:11 - Starting Servlet engine: [Apache Tomcat/10.1.36]
2025-03-07 12:08:11 - Initializing Spring embedded WebApplicationContext
2025-03-07 12:08:11 - Root WebApplicationContext: initialization completed in 169 ms
2025-03-07 12:08:11 - Failed to set up a Bean Validation provider: jakarta.validation.NoProviderFoundException: Unable to create a Configuration, because no Jakarta Bean Validation provider could be found. Add a provider like Hibernate Validator (RI) to your classpath.
2025-03-07 12:08:11 - LiveReload server is running on port 35729
2025-03-07 12:08:11 - Tomcat started on port 9092 (http) with context path '/'
2025-03-07 12:08:11 - Started ReportingMicroservicesApplication in 0.375 seconds (process running for 358.832)
2025-03-07 12:08:11 - Condition evaluation unchanged
2025-03-07 12:08:20 - Initializing Spring DispatcherServlet 'dispatcherServlet'
2025-03-07 12:08:20 - Initializing Servlet 'dispatcherServlet'
2025-03-07 12:08:20 - Completed initialization in 1 ms
2025-03-07 12:08:41 - Restarting due to 3 class path changes (0 additions, 0 deletions, 3 modifications)
2025-03-07 12:08:41 - Commencing graceful shutdown. Waiting for active requests to complete
2025-03-07 12:08:41 - Graceful shutdown complete
2025-03-07 12:08:41 - Starting ReportingMicroservicesApplication using Java 23.0.1 with PID 8860 (D:\ExcelR\Codebase\BackEnd\Workspace\Workspace_2\reporting-microservices\target\classes started by Bharath in D:\ExcelR\Codebase\BackEnd\Workspace\Workspace_2\reporting-microservices)
2025-03-07 12:08:41 - No active profile set, falling back to 1 default profile: "default"
2025-03-07 12:08:41 - Tomcat initialized with port 9092 (http)
2025-03-07 12:08:41 - Starting service [Tomcat]
2025-03-07 12:08:41 - Starting Servlet engine: [Apache Tomcat/10.1.36]
2025-03-07 12:08:41 - Initializing Spring embedded WebApplicationContext
2025-03-07 12:08:41 - Root WebApplicationContext: initialization completed in 246 ms
2025-03-07 12:08:41 - Failed to set up a Bean Validation provider: jakarta.validation.NoProviderFoundException: Unable to create a Configuration, because no Jakarta Bean Validation provider could be found. Add a provider like Hibernate Validator (RI) to your classpath.
2025-03-07 12:08:41 - LiveReload server is running on port 35729
2025-03-07 12:08:41 - Tomcat started on port 9092 (http) with context path '/'
2025-03-07 12:08:41 - Started ReportingMicroservicesApplication in 0.498 seconds (process running for 389.167)
2025-03-07 12:08:41 - Condition evaluation unchanged
2025-03-07 12:08:43 - Restarting due to 12 class path changes (0 additions, 0 deletions, 12 modifications)
2025-03-07 12:08:43 - Commencing graceful shutdown. Waiting for active requests to complete
2025-03-07 12:08:43 - Graceful shutdown complete
2025-03-07 12:08:43 - Starting ReportingMicroservicesApplication using Java 23.0.1 with PID 8860 (D:\ExcelR\Codebase\BackEnd\Workspace\Workspace_2\reporting-microservices\target\classes started by Bharath in D:\ExcelR\Codebase\BackEnd\Workspace\Workspace_2\reporting-microservices)
2025-03-07 12:08:43 - No active profile set, falling back to 1 default profile: "default"
2025-03-07 12:08:43 - Tomcat initialized with port 9092 (http)
2025-03-07 12:08:43 - Starting service [Tomcat]
2025-03-07 12:08:43 - Starting Servlet engine: [Apache Tomcat/10.1.36]
2025-03-07 12:08:43 - Initializing Spring embedded WebApplicationContext
2025-03-07 12:08:43 - Root WebApplicationContext: initialization completed in 116 ms
2025-03-07 12:08:43 - Failed to set up a Bean Validation provider: jakarta.validation.NoProviderFoundException: Unable to create a Configuration, because no Jakarta Bean Validation provider could be found. Add a provider like Hibernate Validator (RI) to your classpath.
2025-03-07 12:08:43 - LiveReload server is running on port 35729
2025-03-07 12:08:43 - Tomcat started on port 9092 (http) with context path '/'
2025-03-07 12:08:43 - Started ReportingMicroservicesApplication in 0.277 seconds (process running for 390.88)
2025-03-07 12:08:43 - Condition evaluation unchanged
2025-03-07 12:08:50 - Initializing Spring DispatcherServlet 'dispatcherServlet'
2025-03-07 12:08:50 - Initializing Servlet 'dispatcherServlet'
2025-03-07 12:08:50 - Completed initialization in 0 ms
2025-03-07 12:10:30 - Inside application controller and calling get application method 
2025-03-07 12:10:30 - Inside Reporting RestClientImpl: findAll and applicationGetAllUrl: http://localhost:8090/api/v1/applications
2025-03-07 12:10:30 - Fetching Data from service layer: [com.excelr.microservices.dto.ApplicationDTO@b476458, com.excelr.microservices.dto.ApplicationDTO@77656953, com.excelr.microservices.dto.ApplicationDTO@4db4c163, com.excelr.microservices.dto.ApplicationDTO@7e611a9c, com.excelr.microservices.dto.ApplicationDTO@4eb4d4ac, com.excelr.microservices.dto.ApplicationDTO@12c713d8]
2025-03-07 12:13:08 - Restarting due to 3 class path changes (0 additions, 0 deletions, 3 modifications)
2025-03-07 12:13:08 - Commencing graceful shutdown. Waiting for active requests to complete
2025-03-07 12:13:08 - Graceful shutdown complete
2025-03-07 12:13:08 - Starting ReportingMicroservicesApplication using Java 23.0.1 with PID 8860 (D:\ExcelR\Codebase\BackEnd\Workspace\Workspace_2\reporting-microservices\target\classes started by Bharath in D:\ExcelR\Codebase\BackEnd\Workspace\Workspace_2\reporting-microservices)
2025-03-07 12:13:08 - No active profile set, falling back to 1 default profile: "default"
2025-03-07 12:13:08 - Tomcat initialized with port 9092 (http)
2025-03-07 12:13:08 - Starting service [Tomcat]
2025-03-07 12:13:08 - Starting Servlet engine: [Apache Tomcat/10.1.36]
2025-03-07 12:13:08 - Initializing Spring embedded WebApplicationContext
2025-03-07 12:13:08 - Root WebApplicationContext: initialization completed in 157 ms
2025-03-07 12:13:08 - Failed to set up a Bean Validation provider: jakarta.validation.NoProviderFoundException: Unable to create a Configuration, because no Jakarta Bean Validation provider could be found. Add a provider like Hibernate Validator (RI) to your classpath.
2025-03-07 12:13:09 - LiveReload server is running on port 35729
2025-03-07 12:13:09 - Tomcat started on port 9092 (http) with context path '/'
2025-03-07 12:13:09 - Started ReportingMicroservicesApplication in 0.381 seconds (process running for 656.532)
2025-03-07 12:13:09 - Condition evaluation unchanged
2025-03-07 12:13:10 - Restarting due to 12 class path changes (0 additions, 0 deletions, 12 modifications)
2025-03-07 12:13:10 - Commencing graceful shutdown. Waiting for active requests to complete
2025-03-07 12:13:10 - Graceful shutdown complete
2025-03-07 12:13:10 - Starting ReportingMicroservicesApplication using Java 23.0.1 with PID 8860 (D:\ExcelR\Codebase\BackEnd\Workspace\Workspace_2\reporting-microservices\target\classes started by Bharath in D:\ExcelR\Codebase\BackEnd\Workspace\Workspace_2\reporting-microservices)
2025-03-07 12:13:10 - No active profile set, falling back to 1 default profile: "default"
2025-03-07 12:13:10 - Tomcat initialized with port 9092 (http)
2025-03-07 12:13:10 - Starting service [Tomcat]
2025-03-07 12:13:10 - Starting Servlet engine: [Apache Tomcat/10.1.36]
2025-03-07 12:13:10 - Initializing Spring embedded WebApplicationContext
2025-03-07 12:13:10 - Root WebApplicationContext: initialization completed in 104 ms
2025-03-07 12:13:10 - Failed to set up a Bean Validation provider: jakarta.validation.NoProviderFoundException: Unable to create a Configuration, because no Jakarta Bean Validation provider could be found. Add a provider like Hibernate Validator (RI) to your classpath.
2025-03-07 12:13:10 - LiveReload server is running on port 35729
2025-03-07 12:13:10 - Tomcat started on port 9092 (http) with context path '/'
2025-03-07 12:13:10 - Started ReportingMicroservicesApplication in 0.226 seconds (process running for 658.211)
2025-03-07 12:13:10 - Condition evaluation unchanged
2025-03-07 12:13:14 - Initializing Spring DispatcherServlet 'dispatcherServlet'
2025-03-07 12:13:14 - Initializing Servlet 'dispatcherServlet'
2025-03-07 12:13:14 - Completed initialization in 0 ms
2025-03-07 12:16:49 - Restarting due to 1 class path change (0 additions, 0 deletions, 1 modification)
2025-03-07 12:16:49 - Commencing graceful shutdown. Waiting for active requests to complete
2025-03-07 12:16:49 - Graceful shutdown complete
2025-03-07 12:16:50 - Starting ReportingMicroservicesApplication using Java 23.0.1 with PID 8860 (D:\ExcelR\Codebase\BackEnd\Workspace\Workspace_2\reporting-microservices\target\classes started by Bharath in D:\ExcelR\Codebase\BackEnd\Workspace\Workspace_2\reporting-microservices)
2025-03-07 12:16:50 - No active profile set, falling back to 1 default profile: "default"
2025-03-07 12:16:50 - Tomcat initialized with port 9092 (http)
2025-03-07 12:16:50 - Starting service [Tomcat]
2025-03-07 12:16:50 - Starting Servlet engine: [Apache Tomcat/10.1.36]
2025-03-07 12:16:50 - Initializing Spring embedded WebApplicationContext
2025-03-07 12:16:50 - Root WebApplicationContext: initialization completed in 117 ms
2025-03-07 12:16:50 - Failed to set up a Bean Validation provider: jakarta.validation.NoProviderFoundException: Unable to create a Configuration, because no Jakarta Bean Validation provider could be found. Add a provider like Hibernate Validator (RI) to your classpath.
2025-03-07 12:16:50 - LiveReload server is running on port 35729
2025-03-07 12:16:50 - Tomcat started on port 9092 (http) with context path '/'
2025-03-07 12:16:50 - Started ReportingMicroservicesApplication in 0.259 seconds (process running for 877.737)
2025-03-07 12:16:50 - Condition evaluation unchanged
2025-03-07 12:17:01 - Initializing Spring DispatcherServlet 'dispatcherServlet'
2025-03-07 12:17:01 - Initializing Servlet 'dispatcherServlet'
2025-03-07 12:17:01 - Completed initialization in 1 ms
2025-03-07 12:17:25 - Restarting due to 1 class path change (0 additions, 0 deletions, 1 modification)
2025-03-07 12:17:25 - Commencing graceful shutdown. Waiting for active requests to complete
2025-03-07 12:17:25 - Graceful shutdown complete
2025-03-07 12:17:25 - Starting ReportingMicroservicesApplication using Java 23.0.1 with PID 8860 (D:\ExcelR\Codebase\BackEnd\Workspace\Workspace_2\reporting-microservices\target\classes started by Bharath in D:\ExcelR\Codebase\BackEnd\Workspace\Workspace_2\reporting-microservices)
2025-03-07 12:17:25 - No active profile set, falling back to 1 default profile: "default"
2025-03-07 12:17:25 - Tomcat initialized with port 9092 (http)
2025-03-07 12:17:25 - Starting service [Tomcat]
2025-03-07 12:17:25 - Starting Servlet engine: [Apache Tomcat/10.1.36]
2025-03-07 12:17:25 - Initializing Spring embedded WebApplicationContext
2025-03-07 12:17:25 - Root WebApplicationContext: initialization completed in 173 ms
2025-03-07 12:17:25 - Failed to set up a Bean Validation provider: jakarta.validation.NoProviderFoundException: Unable to create a Configuration, because no Jakarta Bean Validation provider could be found. Add a provider like Hibernate Validator (RI) to your classpath.
2025-03-07 12:17:26 - LiveReload server is running on port 35729
2025-03-07 12:17:26 - Tomcat started on port 9092 (http) with context path '/'
2025-03-07 12:17:26 - Started ReportingMicroservicesApplication in 1.083 seconds (process running for 913.792)
2025-03-07 12:17:26 - Condition evaluation unchanged
2025-03-07 12:17:27 - Initializing Spring DispatcherServlet 'dispatcherServlet'
2025-03-07 12:17:27 - Initializing Servlet 'dispatcherServlet'
2025-03-07 12:17:27 - Completed initialization in 0 ms
2025-03-07 12:18:07 - Restarting due to 3 class path changes (0 additions, 0 deletions, 3 modifications)
2025-03-07 12:18:07 - Commencing graceful shutdown. Waiting for active requests to complete
2025-03-07 12:18:07 - Graceful shutdown complete
2025-03-07 12:18:09 - Starting ReportingMicroservicesApplication using Java 23.0.1 with PID 8860 (D:\ExcelR\Codebase\BackEnd\Workspace\Workspace_2\reporting-microservices\target\classes started by Bharath in D:\ExcelR\Codebase\BackEnd\Workspace\Workspace_2\reporting-microservices)
2025-03-07 12:18:09 - No active profile set, falling back to 1 default profile: "default"
2025-03-07 12:18:09 - Tomcat initialized with port 9092 (http)
2025-03-07 12:18:09 - Starting service [Tomcat]
2025-03-07 12:18:09 - Starting Servlet engine: [Apache Tomcat/10.1.36]
2025-03-07 12:18:09 - Initializing Spring embedded WebApplicationContext
2025-03-07 12:18:09 - Root WebApplicationContext: initialization completed in 210 ms
2025-03-07 12:18:09 - Failed to set up a Bean Validation provider: jakarta.validation.NoProviderFoundException: Unable to create a Configuration, because no Jakarta Bean Validation provider could be found. Add a provider like Hibernate Validator (RI) to your classpath.
2025-03-07 12:18:09 - LiveReload server is running on port 35729
2025-03-07 12:18:09 - Tomcat started on port 9092 (http) with context path '/'
2025-03-07 12:18:09 - Started ReportingMicroservicesApplication in 0.42 seconds (process running for 957.005)
2025-03-07 12:18:09 - Condition evaluation unchanged
2025-03-07 12:18:37 - Initializing Spring DispatcherServlet 'dispatcherServlet'
2025-03-07 12:18:37 - Initializing Servlet 'dispatcherServlet'
2025-03-07 12:18:37 - Completed initialization in 4 ms
2025-03-07 12:18:56 - Restarting due to 1 class path change (0 additions, 1 deletion, 0 modifications)
2025-03-07 12:18:56 - Commencing graceful shutdown. Waiting for active requests to complete
2025-03-07 12:18:56 - Graceful shutdown complete
2025-03-07 12:18:56 - Starting ReportingMicroservicesApplication using Java 23.0.1 with PID 8860 (D:\ExcelR\Codebase\BackEnd\Workspace\Workspace_2\reporting-microservices\target\classes started by Bharath in D:\ExcelR\Codebase\BackEnd\Workspace\Workspace_2\reporting-microservices)
2025-03-07 12:18:56 - No active profile set, falling back to 1 default profile: "default"
2025-03-07 12:18:57 - Tomcat initialized with port 9092 (http)
2025-03-07 12:18:57 - Starting service [Tomcat]
2025-03-07 12:18:57 - Starting Servlet engine: [Apache Tomcat/10.1.36]
2025-03-07 12:18:57 - Initializing Spring embedded WebApplicationContext
2025-03-07 12:18:57 - Root WebApplicationContext: initialization completed in 98 ms
2025-03-07 12:18:57 - Failed to set up a Bean Validation provider: jakarta.validation.NoProviderFoundException: Unable to create a Configuration, because no Jakarta Bean Validation provider could be found. Add a provider like Hibernate Validator (RI) to your classpath.
2025-03-07 12:18:57 - LiveReload server is running on port 35729
2025-03-07 12:18:57 - Tomcat started on port 9092 (http) with context path '/'
2025-03-07 12:18:57 - Started ReportingMicroservicesApplication in 0.25 seconds (process running for 1004.702)
2025-03-07 12:20:39 - Initializing Spring DispatcherServlet 'dispatcherServlet'
2025-03-07 12:20:39 - Initializing Servlet 'dispatcherServlet'
2025-03-07 12:20:39 - Completed initialization in 0 ms
2025-03-07 12:22:27 - Restarting due to 11 class path changes (0 additions, 7 deletions, 4 modifications)
2025-03-07 12:22:27 - Commencing graceful shutdown. Waiting for active requests to complete
2025-03-07 12:22:27 - Graceful shutdown complete
2025-03-07 12:22:27 - Starting ReportingMicroservicesApplication using Java 23.0.1 with PID 8860 (D:\ExcelR\Codebase\BackEnd\Workspace\Workspace_2\reporting-microservices\target\classes started by Bharath in D:\ExcelR\Codebase\BackEnd\Workspace\Workspace_2\reporting-microservices)
2025-03-07 12:22:27 - No active profile set, falling back to 1 default profile: "default"
2025-03-07 12:22:27 - Tomcat initialized with port 9092 (http)
2025-03-07 12:22:27 - Starting service [Tomcat]
2025-03-07 12:22:27 - Starting Servlet engine: [Apache Tomcat/10.1.36]
2025-03-07 12:22:27 - Initializing Spring embedded WebApplicationContext
2025-03-07 12:22:27 - Root WebApplicationContext: initialization completed in 90 ms
2025-03-07 12:22:27 - Failed to set up a Bean Validation provider: jakarta.validation.NoProviderFoundException: Unable to create a Configuration, because no Jakarta Bean Validation provider could be found. Add a provider like Hibernate Validator (RI) to your classpath.
2025-03-07 12:22:28 - LiveReload server is running on port 35729
2025-03-07 12:22:28 - Tomcat started on port 9092 (http) with context path '/'
2025-03-07 12:22:28 - Started ReportingMicroservicesApplication in 0.222 seconds (process running for 1215.542)
2025-03-07 12:22:28 - Condition evaluation unchanged
2025-03-07 12:22:49 - Restarting due to 7 class path changes (7 additions, 0 deletions, 0 modifications)
2025-03-07 12:22:49 - Commencing graceful shutdown. Waiting for active requests to complete
2025-03-07 12:22:49 - Graceful shutdown complete
2025-03-07 12:22:49 - Starting ReportingMicroservicesApplication using Java 23.0.1 with PID 8860 (D:\ExcelR\Codebase\BackEnd\Workspace\Workspace_2\reporting-microservices\target\classes started by Bharath in D:\ExcelR\Codebase\BackEnd\Workspace\Workspace_2\reporting-microservices)
2025-03-07 12:22:49 - No active profile set, falling back to 1 default profile: "default"
2025-03-07 12:22:49 - Tomcat initialized with port 9092 (http)
2025-03-07 12:22:49 - Starting service [Tomcat]
2025-03-07 12:22:49 - Starting Servlet engine: [Apache Tomcat/10.1.36]
2025-03-07 12:22:49 - Initializing Spring embedded WebApplicationContext
2025-03-07 12:22:49 - Root WebApplicationContext: initialization completed in 147 ms
2025-03-07 12:22:49 - Failed to set up a Bean Validation provider: jakarta.validation.NoProviderFoundException: Unable to create a Configuration, because no Jakarta Bean Validation provider could be found. Add a provider like Hibernate Validator (RI) to your classpath.
2025-03-07 12:22:50 - LiveReload server is running on port 35729
2025-03-07 12:22:50 - Tomcat started on port 9092 (http) with context path '/'
2025-03-07 12:22:50 - Started ReportingMicroservicesApplication in 0.286 seconds (process running for 1237.547)
2025-03-07 12:22:50 - Condition evaluation unchanged
2025-03-07 12:22:53 - Starting ReportingMicroservicesApplicationTests using Java 23.0.1 with PID 22820 (started by Bharath in D:\ExcelR\Codebase\BackEnd\Workspace\Workspace_2\reporting-microservices)
2025-03-07 12:22:53 - No active profile set, falling back to 1 default profile: "default"
2025-03-07 12:22:54 - Failed to set up a Bean Validation provider: jakarta.validation.NoProviderFoundException: Unable to create a Configuration, because no Jakarta Bean Validation provider could be found. Add a provider like Hibernate Validator (RI) to your classpath.
2025-03-07 12:22:54 - Started ReportingMicroservicesApplicationTests in 1.702 seconds (process running for 2.849)
2025-03-07 12:23:49 - Starting ReportingMicroservicesApplication using Java 23.0.1 with PID 1140 (D:\ExcelR\Codebase\BackEnd\Workspace\Workspace_2\reporting-microservices\target\classes started by Bharath in D:\ExcelR\Codebase\BackEnd\Workspace\Workspace_2\reporting-microservices)
2025-03-07 12:23:49 - No active profile set, falling back to 1 default profile: "default"
2025-03-07 12:23:49 - Devtools property defaults active! Set 'spring.devtools.add-properties' to 'false' to disable
2025-03-07 12:23:49 - For additional web related logging consider setting the 'logging.level.web' property to 'DEBUG'
2025-03-07 12:23:50 - Tomcat initialized with port 9092 (http)
2025-03-07 12:23:50 - Starting service [Tomcat]
2025-03-07 12:23:50 - Starting Servlet engine: [Apache Tomcat/10.1.36]
2025-03-07 12:23:50 - Initializing Spring embedded WebApplicationContext
2025-03-07 12:23:50 - Root WebApplicationContext: initialization completed in 1038 ms
2025-03-07 12:23:50 - Failed to set up a Bean Validation provider: jakarta.validation.NoProviderFoundException: Unable to create a Configuration, because no Jakarta Bean Validation provider could be found. Add a provider like Hibernate Validator (RI) to your classpath.
2025-03-07 12:23:50 - Unable to start LiveReload server
2025-03-07 12:23:50 - Exception encountered during context initialization - cancelling refresh attempt: org.springframework.context.ApplicationContextException: Failed to start bean 'webServerStartStop'
2025-03-07 12:23:50 - 

Error starting ApplicationContext. To display the condition evaluation report re-run your application with 'debug' enabled.
2025-03-07 12:23:50 - 

***************************
APPLICATION FAILED TO START
***************************

Description:

Web server failed to start. Port 9092 was already in use.

Action:

Identify and stop the process that's listening on port 9092 or configure this application to listen on another port.

2025-03-07 12:24:22 - Starting ReportingMicroservicesApplication using Java 23.0.1 with PID 20960 (D:\ExcelR\Codebase\BackEnd\Workspace\Workspace_2\reporting-microservices\target\classes started by Bharath in D:\ExcelR\Codebase\BackEnd\Workspace\Workspace_2\reporting-microservices)
2025-03-07 12:24:22 - No active profile set, falling back to 1 default profile: "default"
2025-03-07 12:24:22 - Devtools property defaults active! Set 'spring.devtools.add-properties' to 'false' to disable
2025-03-07 12:24:22 - For additional web related logging consider setting the 'logging.level.web' property to 'DEBUG'
2025-03-07 12:24:23 - Tomcat initialized with port 9092 (http)
2025-03-07 12:24:23 - Starting service [Tomcat]
2025-03-07 12:24:23 - Starting Servlet engine: [Apache Tomcat/10.1.36]
2025-03-07 12:24:23 - Initializing Spring embedded WebApplicationContext
2025-03-07 12:24:23 - Root WebApplicationContext: initialization completed in 949 ms
2025-03-07 12:24:23 - Failed to set up a Bean Validation provider: jakarta.validation.NoProviderFoundException: Unable to create a Configuration, because no Jakarta Bean Validation provider could be found. Add a provider like Hibernate Validator (RI) to your classpath.
2025-03-07 12:24:23 - LiveReload server is running on port 35729
2025-03-07 12:24:24 - Tomcat started on port 9092 (http) with context path '/'
2025-03-07 12:24:24 - Started ReportingMicroservicesApplication in 1.993 seconds (process running for 2.33)
2025-03-07 12:24:51 - Initializing Spring DispatcherServlet 'dispatcherServlet'
2025-03-07 12:24:51 - Initializing Servlet 'dispatcherServlet'
2025-03-07 12:24:51 - Completed initialization in 1 ms
2025-03-07 12:24:51 - Init duration for springdoc-openapi is: 148 ms
2025-03-07 12:25:07 - Inside application controller and calling get application method 
2025-03-07 12:25:07 - Inside Reporting RestClientImpl: findAll and applicationGetAllUrl: http://localhost:8090/api/v1/applications
2025-03-07 12:25:07 - Fetching Data from service layer: [com.excelr.microservices.dto.ApplicationDTO@517c53e6, com.excelr.microservices.dto.ApplicationDTO@140a90e6, com.excelr.microservices.dto.ApplicationDTO@256d330d, com.excelr.microservices.dto.ApplicationDTO@478b09ec, com.excelr.microservices.dto.ApplicationDTO@745b9198, com.excelr.microservices.dto.ApplicationDTO@3416a255]
2025-03-07 12:25:31 - Restarting due to 1 class path change (0 additions, 0 deletions, 1 modification)
2025-03-07 12:25:31 - Commencing graceful shutdown. Waiting for active requests to complete
2025-03-07 12:25:31 - Graceful shutdown complete
2025-03-07 12:25:31 - Starting ReportingMicroservicesApplication using Java 23.0.1 with PID 20960 (D:\ExcelR\Codebase\BackEnd\Workspace\Workspace_2\reporting-microservices\target\classes started by Bharath in D:\ExcelR\Codebase\BackEnd\Workspace\Workspace_2\reporting-microservices)
2025-03-07 12:25:31 - No active profile set, falling back to 1 default profile: "default"
2025-03-07 12:25:31 - Tomcat initialized with port 9092 (http)
2025-03-07 12:25:31 - Starting service [Tomcat]
2025-03-07 12:25:31 - Starting Servlet engine: [Apache Tomcat/10.1.36]
2025-03-07 12:25:31 - Initializing Spring embedded WebApplicationContext
2025-03-07 12:25:31 - Root WebApplicationContext: initialization completed in 243 ms
2025-03-07 12:25:31 - Failed to set up a Bean Validation provider: jakarta.validation.NoProviderFoundException: Unable to create a Configuration, because no Jakarta Bean Validation provider could be found. Add a provider like Hibernate Validator (RI) to your classpath.
2025-03-07 12:25:31 - LiveReload server is running on port 35729
2025-03-07 12:25:31 - Tomcat started on port 9092 (http) with context path '/'
2025-03-07 12:25:31 - Started ReportingMicroservicesApplication in 0.392 seconds (process running for 70.144)
2025-03-07 12:25:31 - Condition evaluation unchanged
2025-03-07 12:25:33 - Initializing Spring DispatcherServlet 'dispatcherServlet'
2025-03-07 12:25:33 - Initializing Servlet 'dispatcherServlet'
2025-03-07 12:25:33 - Completed initialization in 0 ms
2025-03-07 12:25:33 - Init duration for springdoc-openapi is: 31 ms
2025-03-07 12:25:38 - Inside application controller and calling get application method 
2025-03-07 12:25:38 - Inside Reporting RestClientImpl: findAll and applicationGetAllUrl: http://localhost:8090/api/v1/applications
2025-03-07 12:25:38 - Fetching Data from service layer: [com.excelr.microservices.dto.ApplicationDTO@5eb4b078, com.excelr.microservices.dto.ApplicationDTO@5a8b2f76, com.excelr.microservices.dto.ApplicationDTO@1f89ba43, com.excelr.microservices.dto.ApplicationDTO@55108ec0, com.excelr.microservices.dto.ApplicationDTO@2e5cc36a, com.excelr.microservices.dto.ApplicationDTO@2d2fa948]
